# JRE version: Java(TM) SE Runtime Environment (23.0.2+7) (build 23.0.2+7-58)
# Java VM: Java HotSpot(TM) 64-Bit Server VM (23.0.2+7-58, mixed mode, sharing, tiered, compressed oops, compressed class ptrs, g1 gc, windows-amd64)
GC Precious Log:
 CardTable entry size: 512
 Card Set container configuration: InlinePtr #cards 5 size 8 Array Of Cards #cards 10 size 36 Howl #buckets 4 coarsen threshold 1843 Howl Bitmap #cards 512 size 80 coarsen threshold 460 Card regions per heap region 1 cards per card region 2048
 CPUs: 2 total, 2 available
 Memory: 3034M
 Large Page Support: Disabled
 NUMA Support: Disabled
 Compressed Oops: Enabled (32-bit)
 Heap Region Size: 1M
 Heap Min Capacity: 8M
 Heap Initial Capacity: 48M
 Heap Max Capacity: 760M
 Pre-touch: Disabled
 Parallel Workers: 2
 Concurrent Workers: 1
 Concurrent Refinement Workers: 2
 Periodic GC: Disabled
Heap:
 garbage-first heap   total reserved 778240K, committed 49152K, used 20942K [0x00000000d0800000, 0x0000000100000000)
  region size 1024K, 19 young (19456K), 3 survivors (3072K)
 Metaspace       used 14877K, committed 15232K, reserved 1114112K
  class space    used 1893K, committed 2048K, reserved 1048576K
GC Heap History (8 events):
Event: 3.065 GC heap before
{Heap before GC invocations=0 (full 0):
 garbage-first heap   total reserved 778240K, committed 49152K, used 7168K [0x00000000d0800000, 0x0000000100000000)
  region size 1024K, 7 young (7168K), 0 survivors (0K)
 Metaspace       used 1643K, committed 1792K, reserved 1114112K
  class space    used 144K, committed 192K, reserved 1048576K
}
Event: 3.104 GC heap after
{Heap after GC invocations=1 (full 0):
 garbage-first heap   total reserved 778240K, committed 49152K, used 3200K [0x00000000d0800000, 0x0000000100000000)
  region size 1024K, 1 young (1024K), 1 survivors (1024K)
 Metaspace       used 1643K, committed 1792K, reserved 1114112K
  class space    used 144K, committed 192K, reserved 1048576K
}
Event: 4.451 GC heap before
{Heap before GC invocations=1 (full 0):
 garbage-first heap   total reserved 778240K, committed 49152K, used 7296K [0x00000000d0800000, 0x0000000100000000)
  region size 1024K, 6 young (6144K), 1 survivors (1024K)
 Metaspace       used 3432K, committed 3584K, reserved 1114112K
  class space    used 397K, committed 448K, reserved 1048576K
}
Event: 4.457 GC heap after
{Heap after GC invocations=2 (full 0):
 garbage-first heap   total reserved 778240K, committed 49152K, used 4139K [0x00000000d0800000, 0x0000000100000000)
  region size 1024K, 1 young (1024K), 1 survivors (1024K)
 Metaspace       used 3432K, committed 3584K, reserved 1114112K
  class space    used 397K, committed 448K, reserved 1048576K
}
Event: 6.201 GC heap before
{Heap before GC invocations=2 (full 0):
 garbage-first heap   total reserved 778240K, committed 49152K, used 15403K [0x00000000d0800000, 0x0000000100000000)
  region size 1024K, 12 young (12288K), 1 survivors (1024K)
 Metaspace       used 6442K, committed 6656K, reserved 1114112K
  class space    used 794K, committed 896K, reserved 1048576K
}
Event: 6.209 GC heap after
{Heap after GC invocations=3 (full 0):
 garbage-first heap   total reserved 778240K, committed 49152K, used 4981K [0x00000000d0800000, 0x0000000100000000)
  region size 1024K, 2 young (2048K), 2 survivors (2048K)
 Metaspace       used 6442K, committed 6656K, reserved 1114112K
  class space    used 794K, committed 896K, reserved 1048576K
}
Event: 9.450 GC heap before
{Heap before GC invocations=3 (full 0):
 garbage-first heap   total reserved 778240K, committed 49152K, used 21365K [0x00000000d0800000, 0x0000000100000000)
  region size 1024K, 19 young (19456K), 2 survivors (2048K)
 Metaspace       used 11002K, committed 11328K, reserved 1114112K
  class space    used 1400K, committed 1536K, reserved 1048576K
}
Event: 9.461 GC heap after
{Heap after GC invocations=4 (full 0):
 garbage-first heap   total reserved 778240K, committed 49152K, used 6606K [0x00000000d0800000, 0x0000000100000000)
  region size 1024K, 3 young (3072K), 3 survivors (3072K)
 Metaspace       used 11002K, committed 11328K, reserved 1114112K
  class space    used 1400K, committed 1536K, reserved 1048576K
}

